\BOOKMARK [0][-]{chapter*.3}{\332vod}{}% 1
\BOOKMARK [0][-]{chapter.1}{Z\341kladn\351 pojmy a oznacenia}{}% 2
\BOOKMARK [1][-]{section.1.1}{Kryptografia}{chapter.1}% 3
\BOOKMARK [1][-]{section.1.2}{Mno\236iny a oper\341cie}{chapter.1}% 4
\BOOKMARK [1][-]{section.1.3}{Symetrick\351 \235ifrovanie}{chapter.1}% 5
\BOOKMARK [1][-]{section.1.4}{Asymetrick\351 \235ifrovanie}{chapter.1}% 6
\BOOKMARK [1][-]{section.1.5}{Ha\235ovacie funkcie}{chapter.1}% 7
\BOOKMARK [1][-]{section.1.6}{Pou\236it\351 \235ifry}{chapter.1}% 8
\BOOKMARK [1][-]{section.1.7}{Cloudov\351 \372lo\236isk\341}{chapter.1}% 9
\BOOKMARK [0][-]{chapter.2}{S\372casn\351 rie\235enia}{}% 10
\BOOKMARK [1][-]{section.2.1}{Existuj\372ce rie\235enia na \235ifrovan\351 ukladanie d\341t}{chapter.2}% 11
\BOOKMARK [1][-]{section.2.2}{Na\235e rie\235enie}{chapter.2}% 12
\BOOKMARK [1][-]{section.2.3}{Porovnanie}{chapter.2}% 13
\BOOKMARK [0][-]{chapter.3}{N\341vrh funkcionality}{}% 14
\BOOKMARK [1][-]{section.3.1}{Prerekvizity}{chapter.3}% 15
\BOOKMARK [1][-]{section.3.2}{Registr\341cia}{chapter.3}% 16
\BOOKMARK [1][-]{section.3.3}{Nahr\341vanie d\341t}{chapter.3}% 17
\BOOKMARK [1][-]{section.3.4}{Stahovanie d\341t}{chapter.3}% 18
\BOOKMARK [1][-]{section.3.5}{Zdielanie}{chapter.3}% 19
\BOOKMARK [1][-]{section.3.6}{Zru\235enie zdielania}{chapter.3}% 20
\BOOKMARK [0][-]{chapter.4}{Implement\341cia}{}% 21
\BOOKMARK [1][-]{section.4.1}{Pou\236it\351 technologie}{chapter.4}% 22
\BOOKMARK [2][-]{subsection.4.1.1}{Back-end}{section.4.1}% 23
\BOOKMARK [2][-]{subsection.4.1.2}{Front-end}{section.4.1}% 24
\BOOKMARK [1][-]{section.4.2}{Implement\341ciu n\341vrhu}{chapter.4}% 25
\BOOKMARK [2][-]{subsection.4.2.1}{Registr\341cia}{section.4.2}% 26
\BOOKMARK [2][-]{subsection.4.2.2}{Nahr\341vanie d\341t}{section.4.2}% 27
\BOOKMARK [2][-]{subsection.4.2.3}{Stahovanie d\341t}{section.4.2}% 28
\BOOKMARK [2][-]{subsection.4.2.4}{Zdielanie d\341t}{section.4.2}% 29
\BOOKMARK [2][-]{subsection.4.2.5}{Zru\235enie zdielania}{section.4.2}% 30
\BOOKMARK [0][-]{chapter*.15}{Z\341ver}{}% 31
